<?xml version="1.0" encoding="UTF-8"?>
<!-- Generated by org.testng.reporters.JUnitXMLReporter -->
<testsuite ignored="0" hostname="shaily" failures="0" tests="4" name="Test" time="20.112" errors="0" timestamp="2022-11-13T19:52:54 EST">
  <testcase classname="com.TestcaseExcution.LoginExcutionSecondWay" name="startServer" time="1.799"/>
  <testcase classname="com.TestcaseExcution.LoginExcutionSecondWay" name="lauchApk" time="11.343"/>
  <testcase classname="com.TestcaseExcution.LoginExcutionSecondWay" name="CheckLogin_ValidCredentials" time="6.859"/>
  <testcase classname="com.TestcaseExcution.LoginExcutionSecondWay" name="serverStoped" time="0.061"/>
</testsuite> <!-- Test -->
