<?xml version="1.0" encoding="UTF-8"?>
<testng-results ignored="0" total="4" passed="4" failed="0" skipped="0">
  <reporter-output>
  </reporter-output>
  <suite started-at="2022-11-13T19:52:34 EST" name="Suite" finished-at="2022-11-13T19:52:54 EST" duration-ms="20112">
    <groups>
    </groups>
    <test started-at="2022-11-13T19:52:34 EST" name="Test" finished-at="2022-11-13T19:52:54 EST" duration-ms="20112">
      <class name="com.TestcaseExcution.LoginExcutionSecondWay">
        <test-method signature="startServer()[pri:1, instance:com.TestcaseExcution.LoginExcutionSecondWay@1c33c17b]" started-at="2022-11-13T19:52:34 EST" name="startServer" finished-at="2022-11-13T19:52:36 EST" duration-ms="1799" status="PASS">
          <reporter-output>
          </reporter-output>
        </test-method> <!-- startServer -->
        <test-method signature="lauchApk()[pri:2, instance:com.TestcaseExcution.LoginExcutionSecondWay@1c33c17b]" started-at="2022-11-13T19:52:36 EST" name="lauchApk" finished-at="2022-11-13T19:52:47 EST" duration-ms="11343" status="PASS">
          <reporter-output>
          </reporter-output>
        </test-method> <!-- lauchApk -->
        <test-method signature="CheckLogin_ValidCredentials()[pri:3, instance:com.TestcaseExcution.LoginExcutionSecondWay@1c33c17b]" started-at="2022-11-13T19:52:47 EST" name="CheckLogin_ValidCredentials" finished-at="2022-11-13T19:52:54 EST" duration-ms="6859" status="PASS">
          <reporter-output>
          </reporter-output>
        </test-method> <!-- CheckLogin_ValidCredentials -->
        <test-method signature="serverStoped()[pri:4, instance:com.TestcaseExcution.LoginExcutionSecondWay@1c33c17b]" started-at="2022-11-13T19:52:54 EST" name="serverStoped" finished-at="2022-11-13T19:52:54 EST" duration-ms="61" status="PASS">
          <reporter-output>
          </reporter-output>
        </test-method> <!-- serverStoped -->
      </class> <!-- com.TestcaseExcution.LoginExcutionSecondWay -->
    </test> <!-- Test -->
  </suite> <!-- Suite -->
</testng-results>
